<?xml version="1.0" encoding="UTF-8"?>
<!-- Generated by org.testng.reporters.JUnitReportReporter -->
<testsuite hostname="Rutuja" failures="0" tests="3" name="DependencyMethods.SignupTests" time="0.005" errors="0" timestamp="2025-03-05T11:22:31 IST" skipped="0">
  <testcase classname="DependencyMethods.SignupTests" name="signupByEmail" time="0.003"/>
  <system-out/>
  <testcase classname="DependencyMethods.SignupTests" name="signupByFacebook" time="0.001"/>
  <system-out/>
  <testcase classname="DependencyMethods.SignupTests" name="signupByTwitter" time="0.001"/>
  <system-out/>
</testsuite> <!-- DependencyMethods.SignupTests -->
