<?xml version="1.0" encoding="UTF-8"?>
<!-- Generated by org.testng.reporters.JUnitReportReporter -->
<testsuite hostname="Rutuja" failures="0" tests="3" name="TestNG.FirstTestCase" time="0.005" errors="0" timestamp="2025-03-03T11:01:32 IST" skipped="0">
  <testcase classname="TestNG.FirstTestCase" name="openapp" time="0.002"/>
  <system-out/>
  <testcase classname="TestNG.FirstTestCase" name="login" time="0.002"/>
  <system-out/>
  <testcase classname="TestNG.FirstTestCase" name="logout" time="0.001"/>
  <system-out/>
</testsuite> <!-- TestNG.FirstTestCase -->
