<?xml version="1.0" encoding="UTF-8"?>
<!-- Generated by org.testng.reporters.JUnitReportReporter -->
<testsuite hostname="Rutuja" failures="0" tests="4" name="TestNG.OrangHRM" time="13.043" errors="0" timestamp="2025-03-03T11:01:32 IST" skipped="0">
  <testcase classname="TestNG.OrangHRM" name="openApp" time="7.751"/>
  <system-out/>
  <testcase classname="TestNG.OrangHRM" name="testLogo" time="3.089"/>
  <system-out/>
  <testcase classname="TestNG.OrangHRM" name="testLogin" time="1.722"/>
  <system-out/>
  <testcase classname="TestNG.OrangHRM" name="closeApp" time="0.481"/>
  <system-out/>
</testsuite> <!-- TestNG.OrangHRM -->
