<?xml version="1.0" encoding="UTF-8"?>
<!-- Generated by org.testng.reporters.JUnitReportReporter -->
<testsuite hostname="Rutuja" failures="0" tests="2" name="TestNG.AnnotationsDemo1" time="0.016" errors="0" timestamp="2025-03-03T11:45:09 IST" skipped="0">
  <testcase classname="TestNG.AnnotationsDemo1" name="search" time="0.013"/>
  <system-out/>
  <testcase classname="TestNG.AnnotationsDemo1" name="advancesearch" time="0.003"/>
  <system-out/>
</testsuite> <!-- TestNG.AnnotationsDemo1 -->
