<?xml version="1.0" encoding="UTF-8"?>
<!-- Generated by org.testng.reporters.JUnitReportReporter -->
<testsuite hostname="Rutuja" failures="0" tests="1" name="TestAnnotation.C2" time="0.001" errors="0" timestamp="2025-03-04T18:45:30 IST" skipped="0">
  <testcase classname="TestAnnotation.C2" name="xyz" time="0.001"/>
  <system-out/>
</testsuite> <!-- TestAnnotation.C2 -->
