<?xml version="1.0" encoding="UTF-8"?>
<!-- Generated by org.testng.reporters.JUnitReportReporter -->
<testsuite hostname="Rutuja" failures="0" tests="1" name="TestAnnotation.C1" time="0.007" errors="0" timestamp="2025-03-04T18:45:30 IST" skipped="0">
  <testcase classname="TestAnnotation.C1" name="abc" time="0.007"/>
  <system-out/>
</testsuite> <!-- TestAnnotation.C1 -->
