<?xml version="1.0" encoding="UTF-8"?>
<!-- Generated by org.testng.reporters.JUnitReportReporter -->
<testsuite hostname="Rutuja" failures="0" tests="2" name="TestNG.AnnotationsDemo2" time="0.014" errors="0" timestamp="2025-03-03T18:55:51 IST" skipped="0">
  <testcase classname="TestNG.AnnotationsDemo2" name="search" time="0.012"/>
  <system-out/>
  <testcase classname="TestNG.AnnotationsDemo2" name="advancesearch" time="0.002"/>
  <system-out/>
</testsuite> <!-- TestNG.AnnotationsDemo2 -->
