<?xml version="1.0" encoding="UTF-8"?>
<!-- Generated by org.testng.reporters.JUnitReportReporter -->
<testsuite hostname="Rutuja" failures="0" tests="1" name="Assertions.HardAssertions" time="0.025" errors="0" timestamp="2025-03-04T19:08:08 IST" skipped="0">
  <testcase classname="Assertions.HardAssertions" name="test" time="0.025"/>
  <system-out/>
</testsuite> <!-- Assertions.HardAssertions -->
