<?xml version="1.0" encoding="UTF-8"?>
<!-- Generated by org.testng.reporters.JUnitReportReporter -->
<testsuite hostname="Rutuja" failures="0" tests="3" name="DependencyMethods.LoginTests" time="0.014" errors="0" timestamp="2025-03-05T11:30:42 IST" skipped="0">
  <testcase classname="DependencyMethods.LoginTests" name="loginByEmail" time="0.011"/>
  <system-out/>
  <testcase classname="DependencyMethods.LoginTests" name="loginByFacebook" time="0.001"/>
  <system-out/>
  <testcase classname="DependencyMethods.LoginTests" name="loginByTwitter" time="0.002"/>
  <system-out/>
</testsuite> <!-- DependencyMethods.LoginTests -->
