<?xml version="1.0" encoding="UTF-8"?>
<!-- Generated by org.testng.reporters.JUnitReportReporter -->
<testsuite hostname="Rutuja" failures="0" tests="2" name="DependencyMethods.PaymentsTests" time="0.001" errors="0" timestamp="2025-03-05T11:22:31 IST" skipped="0">
  <testcase classname="DependencyMethods.PaymentsTests" name="paymentinRupees" time="0.000"/>
  <system-out/>
  <testcase classname="DependencyMethods.PaymentsTests" name="paymentinDollars" time="0.001"/>
  <system-out/>
</testsuite> <!-- DependencyMethods.PaymentsTests -->
